2022-08-30 14:41:28,305 INFO org.springframework.boot.StartupInfoLogger [main] Starting TokenProviderApplication using Java 11.0.16 on lnb028549spo with PID 109530 (/home/gabrielliv/Documents/techchamps/superDevs-myMusic/TokenProvider/target/classes started by CIANDT\gabrielliv in /home/gabrielliv/Documents/techchamps/superDevs-myMusic/TokenProvider)
2022-08-30 14:41:28,308 INFO org.springframework.boot.SpringApplication [main] No active profile set, falling back to default profiles: default
2022-08-30 14:41:29,593 INFO org.springframework.boot.web.embedded.tomcat.TomcatWebServer [main] Tomcat initialized with port(s): 8080 (http)
2022-08-30 14:41:29,604 INFO org.apache.juli.logging.DirectJDKLog [main] Initializing ProtocolHandler ["http-nio-8080"]
2022-08-30 14:41:29,605 INFO org.apache.juli.logging.DirectJDKLog [main] Starting service [Tomcat]
2022-08-30 14:41:29,605 INFO org.apache.juli.logging.DirectJDKLog [main] Starting Servlet engine: [Apache Tomcat/9.0.56]
2022-08-30 14:41:29,679 INFO org.apache.juli.logging.DirectJDKLog [main] Initializing Spring embedded WebApplicationContext
2022-08-30 14:41:29,684 INFO org.springframework.boot.web.servlet.context.ServletWebServerApplicationContext [main] Root WebApplicationContext: initialization completed in 1313 ms
2022-08-30 14:41:30,305 INFO org.springframework.boot.actuate.endpoint.web.EndpointLinksResolver [main] Exposing 1 endpoint(s) beneath base path '/actuator'
2022-08-30 14:41:30,324 INFO org.apache.juli.logging.DirectJDKLog [main] Starting ProtocolHandler ["http-nio-8080"]
2022-08-30 14:41:30,335 INFO org.springframework.boot.web.embedded.tomcat.TomcatWebServer [main] Tomcat started on port(s): 8080 (http) with context path ''
2022-08-30 14:41:30,350 INFO org.springframework.boot.StartupInfoLogger [main] Started TokenProviderApplication in 2.991 seconds (JVM running for 4.606)
2022-08-30 14:41:55,641 INFO org.apache.juli.logging.DirectJDKLog [http-nio-8080-exec-1] Initializing Spring DispatcherServlet 'dispatcherServlet'
2022-08-30 14:41:55,642 INFO org.springframework.web.servlet.FrameworkServlet [http-nio-8080-exec-1] Initializing Servlet 'dispatcherServlet'
2022-08-30 14:41:55,643 INFO org.springframework.web.servlet.FrameworkServlet [http-nio-8080-exec-1] Completed initialization in 1 ms
2022-08-30 14:41:55,769 INFO com.ciandt.token.provider.controllers.TokenController [http-nio-8080-exec-1] Recebido requisição para criação de token para chave: CIANDT\gabrielliv
2022-08-30 14:41:55,836 INFO com.ciandt.token.provider.controllers.TokenController [http-nio-8080-exec-1] Token gerado com sucesso
2022-08-30 15:05:02,079 INFO com.ciandt.token.provider.controllers.TokenController [http-nio-8080-exec-3] Recebido requisição para criação de token para chave: CIANDT\gabrielliv
2022-08-30 15:05:02,081 INFO com.ciandt.token.provider.controllers.TokenController [http-nio-8080-exec-3] Token gerado com sucesso
2022-08-30 15:12:41,669 INFO com.ciandt.token.provider.controllers.TokenController [http-nio-8080-exec-5] Recebido requisição para criação de token para chave: CIANDT\gabrielliv
2022-08-30 15:12:41,671 INFO com.ciandt.token.provider.controllers.TokenController [http-nio-8080-exec-5] Token gerado com sucesso
2022-08-30 15:21:07,108 INFO com.ciandt.token.provider.controllers.TokenController [http-nio-8080-exec-7] Recebido requisição para criação de token para chave: CIANDT\gabrielliv
2022-08-30 15:21:07,111 INFO com.ciandt.token.provider.controllers.TokenController [http-nio-8080-exec-7] Token gerado com sucesso
2022-09-12 11:59:57,647 INFO org.springframework.boot.StartupInfoLogger [main] Starting TokenProviderApplication using Java 11.0.16 on lnb028549spo with PID 21013 (/home/gabrielliv/Documents/techchamps/superDevs-myMusic/TokenProvider/target/classes started by CIANDT\gabrielliv in /home/gabrielliv/Documents/techchamps/superDevs-myMusic/TokenProvider)
2022-09-12 11:59:57,666 INFO org.springframework.boot.SpringApplication [main] No active profile set, falling back to default profiles: default
2022-09-12 12:00:00,094 INFO org.springframework.boot.web.embedded.tomcat.TomcatWebServer [main] Tomcat initialized with port(s): 8080 (http)
2022-09-12 12:00:00,109 INFO org.apache.juli.logging.DirectJDKLog [main] Initializing ProtocolHandler ["http-nio-8080"]
2022-09-12 12:00:00,110 INFO org.apache.juli.logging.DirectJDKLog [main] Starting service [Tomcat]
2022-09-12 12:00:00,111 INFO org.apache.juli.logging.DirectJDKLog [main] Starting Servlet engine: [Apache Tomcat/9.0.56]
2022-09-12 12:00:00,319 INFO org.apache.juli.logging.DirectJDKLog [main] Initializing Spring embedded WebApplicationContext
2022-09-12 12:00:00,322 INFO org.springframework.boot.web.servlet.context.ServletWebServerApplicationContext [main] Root WebApplicationContext: initialization completed in 2514 ms
2022-09-12 12:00:01,036 INFO org.springframework.boot.actuate.endpoint.web.EndpointLinksResolver [main] Exposing 1 endpoint(s) beneath base path '/actuator'
2022-09-12 12:00:01,058 INFO org.apache.juli.logging.DirectJDKLog [main] Starting ProtocolHandler ["http-nio-8080"]
2022-09-12 12:00:01,070 INFO org.springframework.boot.web.embedded.tomcat.TomcatWebServer [main] Tomcat started on port(s): 8080 (http) with context path ''
2022-09-12 12:00:01,087 INFO org.springframework.boot.StartupInfoLogger [main] Started TokenProviderApplication in 4.412 seconds (JVM running for 5.274)
2022-09-12 13:14:35,835 INFO org.apache.juli.logging.DirectJDKLog [http-nio-8080-exec-2] Initializing Spring DispatcherServlet 'dispatcherServlet'
2022-09-12 13:14:35,836 INFO org.springframework.web.servlet.FrameworkServlet [http-nio-8080-exec-2] Initializing Servlet 'dispatcherServlet'
2022-09-12 13:14:35,838 INFO org.springframework.web.servlet.FrameworkServlet [http-nio-8080-exec-2] Completed initialization in 2 ms
2022-09-12 13:14:35,937 INFO com.ciandt.token.provider.controllers.TokenController [http-nio-8080-exec-2] Recebido requisição para criação de token para chave: null
2022-09-12 13:14:35,945 ERROR com.ciandt.token.provider.controllers.TokenController [http-nio-8080-exec-2] Erro na requisição: Password cannot be set empty
2022-09-12 13:14:36,334 WARN org.springframework.web.servlet.handler.AbstractHandlerExceptionResolver [http-nio-8080-exec-3] Resolved [org.springframework.http.converter.HttpMessageNotReadableException: JSON parse error: Unexpected character ('t' (code 116)): was expecting comma to separate Object entries; nested exception is com.fasterxml.jackson.databind.JsonMappingException: Unexpected character ('t' (code 116)): was expecting comma to separate Object entries<EOL> at [Source: (PushbackInputStream); line: 1, column: 40] (through reference chain: com.ciandt.token.provider.controllers.dto.request.CreateAuthorizerRequest["data"])]
2022-09-12 13:14:36,364 WARN org.springframework.web.servlet.handler.AbstractHandlerExceptionResolver [http-nio-8080-exec-4] Resolved [org.springframework.http.converter.HttpMessageNotReadableException: JSON parse error: Unexpected character ('t' (code 116)): was expecting comma to separate Object entries; nested exception is com.fasterxml.jackson.databind.JsonMappingException: Unexpected character ('t' (code 116)): was expecting comma to separate Object entries<EOL> at [Source: (PushbackInputStream); line: 1, column: 40] (through reference chain: com.ciandt.token.provider.controllers.dto.request.CreateAuthorizerRequest["data"])]
2022-09-12 13:14:52,584 INFO org.springframework.boot.StartupInfoLogger [main] Starting TokenProviderApplication using Java 11.0.16 on lnb028549spo with PID 27520 (/home/gabrielliv/Documents/techchamps/superDevs-myMusic/TokenProvider/target/classes started by CIANDT\gabrielliv in /home/gabrielliv/Documents/techchamps/superDevs-myMusic/TokenProvider)
2022-09-12 13:14:52,596 INFO org.springframework.boot.SpringApplication [main] No active profile set, falling back to default profiles: default
2022-09-12 13:14:54,561 INFO org.springframework.boot.web.embedded.tomcat.TomcatWebServer [main] Tomcat initialized with port(s): 8080 (http)
2022-09-12 13:14:54,577 INFO org.apache.juli.logging.DirectJDKLog [main] Initializing ProtocolHandler ["http-nio-8080"]
2022-09-12 13:14:54,580 INFO org.apache.juli.logging.DirectJDKLog [main] Starting service [Tomcat]
2022-09-12 13:14:54,581 INFO org.apache.juli.logging.DirectJDKLog [main] Starting Servlet engine: [Apache Tomcat/9.0.56]
2022-09-12 13:14:54,717 INFO org.apache.juli.logging.DirectJDKLog [main] Initializing Spring embedded WebApplicationContext
2022-09-12 13:14:54,719 INFO org.springframework.boot.web.servlet.context.ServletWebServerApplicationContext [main] Root WebApplicationContext: initialization completed in 1993 ms
2022-09-12 13:14:55,552 INFO org.springframework.boot.actuate.endpoint.web.EndpointLinksResolver [main] Exposing 1 endpoint(s) beneath base path '/actuator'
2022-09-12 13:14:55,572 INFO org.apache.juli.logging.DirectJDKLog [main] Starting ProtocolHandler ["http-nio-8080"]
2022-09-12 13:14:55,586 INFO org.springframework.boot.web.embedded.tomcat.TomcatWebServer [main] Tomcat started on port(s): 8080 (http) with context path ''
2022-09-12 13:14:55,605 INFO org.springframework.boot.StartupInfoLogger [main] Started TokenProviderApplication in 3.717 seconds (JVM running for 4.563)
2022-09-12 13:16:02,556 INFO org.apache.juli.logging.DirectJDKLog [http-nio-8080-exec-2] Initializing Spring DispatcherServlet 'dispatcherServlet'
2022-09-12 13:16:02,557 INFO org.springframework.web.servlet.FrameworkServlet [http-nio-8080-exec-2] Initializing Servlet 'dispatcherServlet'
2022-09-12 13:16:02,558 INFO org.springframework.web.servlet.FrameworkServlet [http-nio-8080-exec-2] Completed initialization in 1 ms
2022-09-12 13:16:02,662 INFO com.ciandt.token.provider.controllers.TokenController [http-nio-8080-exec-2] Recebido requisição para criação de token para chave: null
2022-09-12 13:16:02,670 ERROR com.ciandt.token.provider.controllers.TokenController [http-nio-8080-exec-2] Erro na requisição: Password cannot be set empty
2022-09-12 13:16:03,133 WARN org.springframework.web.servlet.handler.AbstractHandlerExceptionResolver [http-nio-8080-exec-3] Resolved [org.springframework.http.converter.HttpMessageNotReadableException: JSON parse error: Unexpected character ('t' (code 116)): was expecting comma to separate Object entries; nested exception is com.fasterxml.jackson.databind.JsonMappingException: Unexpected character ('t' (code 116)): was expecting comma to separate Object entries<EOL> at [Source: (PushbackInputStream); line: 1, column: 40] (through reference chain: com.ciandt.token.provider.controllers.dto.request.CreateAuthorizerRequest["data"])]
2022-09-12 13:16:03,172 WARN org.springframework.web.servlet.handler.AbstractHandlerExceptionResolver [http-nio-8080-exec-4] Resolved [org.springframework.http.converter.HttpMessageNotReadableException: JSON parse error: Unexpected character ('t' (code 116)): was expecting comma to separate Object entries; nested exception is com.fasterxml.jackson.databind.JsonMappingException: Unexpected character ('t' (code 116)): was expecting comma to separate Object entries<EOL> at [Source: (PushbackInputStream); line: 1, column: 40] (through reference chain: com.ciandt.token.provider.controllers.dto.request.CreateAuthorizerRequest["data"])]
2022-09-12 13:16:47,535 INFO com.ciandt.token.provider.controllers.TokenController [http-nio-8080-exec-6] Recebido requisição para criação de token para chave: Gustavo
2022-09-12 13:16:47,606 INFO com.ciandt.token.provider.controllers.TokenController [http-nio-8080-exec-6] Token gerado com sucesso
2022-09-12 13:16:47,636 INFO com.ciandt.token.provider.controllers.TokenAuthorizerController [http-nio-8080-exec-7] Recebido requisição para geração de token: Gustavo
2022-09-12 13:16:47,641 INFO com.ciandt.token.provider.controllers.TokenAuthorizerController [http-nio-8080-exec-7] Token validado com sucesso
2022-09-12 13:43:54,061 INFO com.ciandt.token.provider.controllers.TokenController [http-nio-8080-exec-1] Recebido requisição para criação de token para chave: Gustavo
2022-09-12 13:43:54,063 INFO com.ciandt.token.provider.controllers.TokenController [http-nio-8080-exec-1] Token gerado com sucesso
2022-09-12 13:43:54,373 INFO com.ciandt.token.provider.controllers.TokenAuthorizerController [http-nio-8080-exec-2] Recebido requisição para geração de token: Gustavo
2022-09-12 13:43:54,374 INFO com.ciandt.token.provider.controllers.TokenAuthorizerController [http-nio-8080-exec-2] Token validado com sucesso
2022-09-12 13:58:56,819 INFO com.ciandt.token.provider.controllers.TokenController [http-nio-8080-exec-5] Recebido requisição para criação de token para chave: Gustavo
2022-09-12 13:58:56,820 INFO com.ciandt.token.provider.controllers.TokenController [http-nio-8080-exec-5] Token gerado com sucesso
2022-09-12 13:58:57,109 INFO com.ciandt.token.provider.controllers.TokenAuthorizerController [http-nio-8080-exec-7] Recebido requisição para geração de token: Gustavo
2022-09-12 13:58:57,111 INFO com.ciandt.token.provider.controllers.TokenAuthorizerController [http-nio-8080-exec-7] Token validado com sucesso
2022-09-12 14:02:26,671 INFO com.ciandt.token.provider.controllers.TokenAuthorizerController [http-nio-8080-exec-10] Recebido requisição para geração de token: Gustavo
2022-09-12 14:02:26,673 ERROR com.ciandt.token.provider.controllers.TokenAuthorizerController [http-nio-8080-exec-10] Requisição inválida: Token expirado
2022-09-12 14:04:06,488 INFO com.ciandt.token.provider.controllers.TokenController [http-nio-8080-exec-2] Recebido requisição para criação de token para chave: Gustavo
2022-09-12 14:04:06,489 INFO com.ciandt.token.provider.controllers.TokenController [http-nio-8080-exec-2] Token gerado com sucesso
2022-09-12 14:04:06,796 INFO com.ciandt.token.provider.controllers.TokenAuthorizerController [http-nio-8080-exec-4] Recebido requisição para geração de token: Gustavo
2022-09-12 14:04:06,798 INFO com.ciandt.token.provider.controllers.TokenAuthorizerController [http-nio-8080-exec-4] Token validado com sucesso
2022-09-12 14:04:27,300 INFO com.ciandt.token.provider.controllers.TokenAuthorizerController [http-nio-8080-exec-3] Recebido requisição para geração de token: Gustavo
2022-09-12 14:04:27,303 INFO com.ciandt.token.provider.controllers.TokenAuthorizerController [http-nio-8080-exec-3] Token validado com sucesso
2022-09-12 14:05:00,315 INFO com.ciandt.token.provider.controllers.TokenController [http-nio-8080-exec-7] Recebido requisição para criação de token para chave: Gustavo
2022-09-12 14:05:00,316 INFO com.ciandt.token.provider.controllers.TokenController [http-nio-8080-exec-7] Token gerado com sucesso
2022-09-12 14:05:00,624 INFO com.ciandt.token.provider.controllers.TokenAuthorizerController [http-nio-8080-exec-8] Recebido requisição para geração de token: Gustavo
2022-09-12 14:05:00,626 INFO com.ciandt.token.provider.controllers.TokenAuthorizerController [http-nio-8080-exec-8] Token validado com sucesso
2022-09-12 14:06:28,218 INFO com.ciandt.token.provider.controllers.TokenController [http-nio-8080-exec-2] Recebido requisição para criação de token para chave: Gustavo
2022-09-12 14:06:28,219 INFO com.ciandt.token.provider.controllers.TokenController [http-nio-8080-exec-2] Token gerado com sucesso
2022-09-12 14:10:02,333 INFO com.ciandt.token.provider.controllers.TokenController [http-nio-8080-exec-3] Recebido requisição para criação de token para chave: Gustavo
2022-09-12 14:10:02,334 INFO com.ciandt.token.provider.controllers.TokenController [http-nio-8080-exec-3] Token gerado com sucesso
2022-09-12 14:10:56,856 INFO com.ciandt.token.provider.controllers.TokenController [http-nio-8080-exec-6] Recebido requisição para criação de token para chave: Gustavo
2022-09-12 14:10:56,857 INFO com.ciandt.token.provider.controllers.TokenController [http-nio-8080-exec-6] Token gerado com sucesso
2022-09-12 14:13:15,126 INFO com.ciandt.token.provider.controllers.TokenAuthorizerController [http-nio-8080-exec-8] Recebido requisição para geração de token: Gustavo
2022-09-12 14:13:15,128 ERROR com.ciandt.token.provider.controllers.TokenAuthorizerController [http-nio-8080-exec-8] Requisição inválida: Token expirado
2022-09-12 14:13:15,131 INFO com.ciandt.token.provider.controllers.TokenAuthorizerController [http-nio-8080-exec-9] Recebido requisição para geração de token: Gustavo
2022-09-12 14:13:15,133 ERROR com.ciandt.token.provider.controllers.TokenAuthorizerController [http-nio-8080-exec-9] Requisição inválida: Token expirado
2022-09-12 14:13:15,137 INFO com.ciandt.token.provider.controllers.TokenAuthorizerController [http-nio-8080-exec-10] Recebido requisição para geração de token: Gustavo
2022-09-12 14:13:15,138 ERROR com.ciandt.token.provider.controllers.TokenAuthorizerController [http-nio-8080-exec-10] Requisição inválida: Token expirado
2022-09-12 14:13:15,162 INFO com.ciandt.token.provider.controllers.TokenAuthorizerController [http-nio-8080-exec-2] Recebido requisição para geração de token: Gustavo
2022-09-12 14:13:15,162 INFO com.ciandt.token.provider.controllers.TokenAuthorizerController [http-nio-8080-exec-1] Recebido requisição para geração de token: Gustavo
2022-09-12 14:13:15,164 ERROR com.ciandt.token.provider.controllers.TokenAuthorizerController [http-nio-8080-exec-2] Requisição inválida: Token expirado
2022-09-12 14:13:15,164 ERROR com.ciandt.token.provider.controllers.TokenAuthorizerController [http-nio-8080-exec-1] Requisição inválida: Token expirado
2022-09-12 14:13:15,171 INFO com.ciandt.token.provider.controllers.TokenAuthorizerController [http-nio-8080-exec-4] Recebido requisição para geração de token: Gustavo
2022-09-12 14:13:15,173 ERROR com.ciandt.token.provider.controllers.TokenAuthorizerController [http-nio-8080-exec-4] Requisição inválida: Token expirado
2022-09-12 14:13:15,183 INFO com.ciandt.token.provider.controllers.TokenAuthorizerController [http-nio-8080-exec-5] Recebido requisição para geração de token: Gustavo
2022-09-12 14:13:15,185 ERROR com.ciandt.token.provider.controllers.TokenAuthorizerController [http-nio-8080-exec-5] Requisição inválida: Token expirado
2022-09-12 14:13:50,317 INFO org.springframework.boot.StartupInfoLogger [main] Starting TokenProviderApplication using Java 11.0.16 on lnb028549spo with PID 33924 (/home/gabrielliv/Documents/techchamps/superDevs-myMusic/TokenProvider/target/classes started by CIANDT\gabrielliv in /home/gabrielliv/Documents/techchamps/superDevs-myMusic/TokenProvider)
2022-09-12 14:13:50,321 INFO org.springframework.boot.SpringApplication [main] No active profile set, falling back to default profiles: default
2022-09-12 14:13:51,401 INFO org.springframework.boot.web.embedded.tomcat.TomcatWebServer [main] Tomcat initialized with port(s): 8080 (http)
2022-09-12 14:13:51,412 INFO org.apache.juli.logging.DirectJDKLog [main] Initializing ProtocolHandler ["http-nio-8080"]
2022-09-12 14:13:51,412 INFO org.apache.juli.logging.DirectJDKLog [main] Starting service [Tomcat]
2022-09-12 14:13:51,413 INFO org.apache.juli.logging.DirectJDKLog [main] Starting Servlet engine: [Apache Tomcat/9.0.56]
2022-09-12 14:13:51,481 INFO org.apache.juli.logging.DirectJDKLog [main] Initializing Spring embedded WebApplicationContext
2022-09-12 14:13:51,481 INFO org.springframework.boot.web.servlet.context.ServletWebServerApplicationContext [main] Root WebApplicationContext: initialization completed in 1104 ms
2022-09-12 14:13:51,968 INFO org.springframework.boot.actuate.endpoint.web.EndpointLinksResolver [main] Exposing 1 endpoint(s) beneath base path '/actuator'
2022-09-12 14:13:51,988 INFO org.apache.juli.logging.DirectJDKLog [main] Starting ProtocolHandler ["http-nio-8080"]
2022-09-12 14:13:51,999 INFO org.springframework.boot.web.embedded.tomcat.TomcatWebServer [main] Tomcat started on port(s): 8080 (http) with context path ''
2022-09-12 14:13:52,013 INFO org.springframework.boot.StartupInfoLogger [main] Started TokenProviderApplication in 2.156 seconds (JVM running for 2.792)
2022-09-12 14:15:36,634 INFO org.apache.juli.logging.DirectJDKLog [http-nio-8080-exec-1] Initializing Spring DispatcherServlet 'dispatcherServlet'
2022-09-12 14:15:36,634 INFO org.springframework.web.servlet.FrameworkServlet [http-nio-8080-exec-1] Initializing Servlet 'dispatcherServlet'
2022-09-12 14:15:36,640 INFO org.springframework.web.servlet.FrameworkServlet [http-nio-8080-exec-1] Completed initialization in 5 ms
2022-09-12 14:15:36,745 INFO com.ciandt.token.provider.controllers.TokenAuthorizerController [http-nio-8080-exec-1] Recebido requisição para geração de token: Gustavo
2022-09-12 14:15:36,812 ERROR com.ciandt.token.provider.controllers.TokenAuthorizerController [http-nio-8080-exec-1] Requisição inválida: Token expirado
2022-09-12 14:15:36,925 INFO com.ciandt.token.provider.controllers.TokenAuthorizerController [http-nio-8080-exec-2] Recebido requisição para geração de token: Gustavo
2022-09-12 14:15:36,927 ERROR com.ciandt.token.provider.controllers.TokenAuthorizerController [http-nio-8080-exec-2] Requisição inválida: Token expirado
2022-09-12 14:17:48,034 INFO com.ciandt.token.provider.controllers.TokenController [http-nio-8080-exec-4] Recebido requisição para criação de token para chave: Gustavo
2022-09-12 14:17:48,040 INFO com.ciandt.token.provider.controllers.TokenController [http-nio-8080-exec-4] Token gerado com sucesso
2022-09-12 14:17:48,071 INFO com.ciandt.token.provider.controllers.TokenAuthorizerController [http-nio-8080-exec-5] Recebido requisição para geração de token: Gustavo
2022-09-12 14:17:48,074 INFO com.ciandt.token.provider.controllers.TokenAuthorizerController [http-nio-8080-exec-5] Token validado com sucesso
2022-09-12 14:20:02,254 INFO com.ciandt.token.provider.controllers.TokenController [http-nio-8080-exec-9] Recebido requisição para criação de token para chave: Gustavo
2022-09-12 14:20:02,255 INFO com.ciandt.token.provider.controllers.TokenController [http-nio-8080-exec-9] Token gerado com sucesso
2022-09-12 14:20:02,276 INFO com.ciandt.token.provider.controllers.TokenAuthorizerController [http-nio-8080-exec-10] Recebido requisição para geração de token: Gustavo
2022-09-12 14:20:02,277 INFO com.ciandt.token.provider.controllers.TokenAuthorizerController [http-nio-8080-exec-10] Token validado com sucesso
2022-09-12 14:20:26,636 INFO com.ciandt.token.provider.controllers.TokenController [http-nio-8080-exec-2] Recebido requisição para criação de token para chave: Gustavo
2022-09-12 14:20:26,638 INFO com.ciandt.token.provider.controllers.TokenController [http-nio-8080-exec-2] Token gerado com sucesso
2022-09-12 14:20:26,918 INFO com.ciandt.token.provider.controllers.TokenAuthorizerController [http-nio-8080-exec-3] Recebido requisição para geração de token: Gustavo
2022-09-12 14:20:26,920 INFO com.ciandt.token.provider.controllers.TokenAuthorizerController [http-nio-8080-exec-3] Token validado com sucesso
2022-09-12 14:20:27,234 INFO com.ciandt.token.provider.controllers.TokenAuthorizerController [http-nio-8080-exec-4] Recebido requisição para geração de token: Gustavo
2022-09-12 14:20:27,235 INFO com.ciandt.token.provider.controllers.TokenAuthorizerController [http-nio-8080-exec-4] Token validado com sucesso
2022-09-12 14:20:30,906 INFO com.ciandt.token.provider.controllers.TokenController [http-nio-8080-exec-5] Recebido requisição para criação de token para chave: Gustavo
2022-09-12 14:20:30,907 INFO com.ciandt.token.provider.controllers.TokenController [http-nio-8080-exec-5] Token gerado com sucesso
2022-09-12 14:20:30,929 INFO com.ciandt.token.provider.controllers.TokenAuthorizerController [http-nio-8080-exec-6] Recebido requisição para geração de token: Gustavo
2022-09-12 14:20:30,930 INFO com.ciandt.token.provider.controllers.TokenAuthorizerController [http-nio-8080-exec-6] Token validado com sucesso
2022-09-12 14:20:34,538 INFO com.ciandt.token.provider.controllers.TokenController [http-nio-8080-exec-7] Recebido requisição para criação de token para chave: Gustavo
2022-09-12 14:20:34,539 INFO com.ciandt.token.provider.controllers.TokenController [http-nio-8080-exec-7] Token gerado com sucesso
2022-09-12 14:20:34,557 INFO com.ciandt.token.provider.controllers.TokenAuthorizerController [http-nio-8080-exec-8] Recebido requisição para geração de token: Gustavo
2022-09-12 14:20:34,558 INFO com.ciandt.token.provider.controllers.TokenAuthorizerController [http-nio-8080-exec-8] Token validado com sucesso
2022-09-12 14:22:06,020 INFO com.ciandt.token.provider.controllers.TokenController [http-nio-8080-exec-5] Recebido requisição para criação de token para chave: Gustavo
2022-09-12 14:22:06,021 INFO com.ciandt.token.provider.controllers.TokenController [http-nio-8080-exec-5] Token gerado com sucesso
2022-09-12 14:22:06,348 INFO com.ciandt.token.provider.controllers.TokenAuthorizerController [http-nio-8080-exec-6] Recebido requisição para geração de token: Gustavo
2022-09-12 14:22:06,349 INFO com.ciandt.token.provider.controllers.TokenAuthorizerController [http-nio-8080-exec-6] Token validado com sucesso
2022-09-12 14:22:10,278 INFO com.ciandt.token.provider.controllers.TokenController [http-nio-8080-exec-7] Recebido requisição para criação de token para chave: Gustavo
2022-09-12 14:22:10,281 INFO com.ciandt.token.provider.controllers.TokenController [http-nio-8080-exec-7] Token gerado com sucesso
2022-09-12 14:22:10,309 INFO com.ciandt.token.provider.controllers.TokenAuthorizerController [http-nio-8080-exec-8] Recebido requisição para geração de token: Gustavo
2022-09-12 14:22:10,311 INFO com.ciandt.token.provider.controllers.TokenAuthorizerController [http-nio-8080-exec-8] Token validado com sucesso
2022-09-12 14:23:23,339 INFO com.ciandt.token.provider.controllers.TokenController [http-nio-8080-exec-2] Recebido requisição para criação de token para chave: Gustavo
2022-09-12 14:23:23,340 INFO com.ciandt.token.provider.controllers.TokenController [http-nio-8080-exec-2] Token gerado com sucesso
2022-09-12 14:23:23,789 INFO com.ciandt.token.provider.controllers.TokenAuthorizerController [http-nio-8080-exec-4] Recebido requisição para geração de token: Gustavo
2022-09-12 14:23:23,790 INFO com.ciandt.token.provider.controllers.TokenAuthorizerController [http-nio-8080-exec-4] Token validado com sucesso
2022-09-12 14:23:30,302 INFO com.ciandt.token.provider.controllers.TokenController [http-nio-8080-exec-5] Recebido requisição para criação de token para chave: Gustavo
2022-09-12 14:23:30,304 INFO com.ciandt.token.provider.controllers.TokenController [http-nio-8080-exec-5] Token gerado com sucesso
2022-09-12 14:23:30,328 INFO com.ciandt.token.provider.controllers.TokenAuthorizerController [http-nio-8080-exec-6] Recebido requisição para geração de token: Gustavo
2022-09-12 14:23:30,329 INFO com.ciandt.token.provider.controllers.TokenAuthorizerController [http-nio-8080-exec-6] Token validado com sucesso
2022-09-12 14:25:41,762 INFO com.ciandt.token.provider.controllers.TokenController [http-nio-8080-exec-1] Recebido requisição para criação de token para chave: Gustavo
2022-09-12 14:25:41,763 INFO com.ciandt.token.provider.controllers.TokenController [http-nio-8080-exec-1] Token gerado com sucesso
2022-09-12 14:25:42,087 INFO com.ciandt.token.provider.controllers.TokenAuthorizerController [http-nio-8080-exec-3] Recebido requisição para geração de token: Gustavo
2022-09-12 14:25:42,089 INFO com.ciandt.token.provider.controllers.TokenAuthorizerController [http-nio-8080-exec-3] Token validado com sucesso
2022-09-12 14:25:46,875 INFO com.ciandt.token.provider.controllers.TokenController [http-nio-8080-exec-2] Recebido requisição para criação de token para chave: Gustavo
2022-09-12 14:25:46,876 INFO com.ciandt.token.provider.controllers.TokenController [http-nio-8080-exec-2] Token gerado com sucesso
2022-09-12 14:25:46,900 INFO com.ciandt.token.provider.controllers.TokenAuthorizerController [http-nio-8080-exec-4] Recebido requisição para geração de token: Gustavo
2022-09-12 14:25:46,902 INFO com.ciandt.token.provider.controllers.TokenAuthorizerController [http-nio-8080-exec-4] Token validado com sucesso
2022-09-12 14:26:24,787 INFO com.ciandt.token.provider.controllers.TokenAuthorizerController [http-nio-8080-exec-5] Recebido requisição para geração de token: Gustavo
2022-09-12 14:26:24,789 INFO com.ciandt.token.provider.controllers.TokenAuthorizerController [http-nio-8080-exec-5] Token validado com sucesso
2022-09-12 14:26:42,850 INFO org.springframework.boot.StartupInfoLogger [main] Starting TokenProviderApplication using Java 11.0.16 on lnb028549spo with PID 35660 (/home/gabrielliv/Documents/techchamps/superDevs-myMusic/TokenProvider/target/classes started by CIANDT\gabrielliv in /home/gabrielliv/Documents/techchamps/superDevs-myMusic/TokenProvider)
2022-09-12 14:26:42,853 INFO org.springframework.boot.SpringApplication [main] No active profile set, falling back to default profiles: default
2022-09-12 14:26:44,029 INFO org.springframework.boot.web.embedded.tomcat.TomcatWebServer [main] Tomcat initialized with port(s): 8080 (http)
2022-09-12 14:26:44,040 INFO org.apache.juli.logging.DirectJDKLog [main] Initializing ProtocolHandler ["http-nio-8080"]
2022-09-12 14:26:44,041 INFO org.apache.juli.logging.DirectJDKLog [main] Starting service [Tomcat]
2022-09-12 14:26:44,041 INFO org.apache.juli.logging.DirectJDKLog [main] Starting Servlet engine: [Apache Tomcat/9.0.56]
2022-09-12 14:26:44,115 INFO org.apache.juli.logging.DirectJDKLog [main] Initializing Spring embedded WebApplicationContext
2022-09-12 14:26:44,116 INFO org.springframework.boot.web.servlet.context.ServletWebServerApplicationContext [main] Root WebApplicationContext: initialization completed in 1205 ms
2022-09-12 14:26:44,635 INFO org.springframework.boot.actuate.endpoint.web.EndpointLinksResolver [main] Exposing 1 endpoint(s) beneath base path '/actuator'
2022-09-12 14:26:44,659 INFO org.apache.juli.logging.DirectJDKLog [main] Starting ProtocolHandler ["http-nio-8080"]
2022-09-12 14:26:44,670 INFO org.springframework.boot.web.embedded.tomcat.TomcatWebServer [main] Tomcat started on port(s): 8080 (http) with context path ''
2022-09-12 14:26:44,684 INFO org.springframework.boot.StartupInfoLogger [main] Started TokenProviderApplication in 2.309 seconds (JVM running for 2.878)
2022-09-12 14:27:07,793 INFO org.apache.juli.logging.DirectJDKLog [http-nio-8080-exec-1] Initializing Spring DispatcherServlet 'dispatcherServlet'
2022-09-12 14:27:07,794 INFO org.springframework.web.servlet.FrameworkServlet [http-nio-8080-exec-1] Initializing Servlet 'dispatcherServlet'
2022-09-12 14:27:07,799 INFO org.springframework.web.servlet.FrameworkServlet [http-nio-8080-exec-1] Completed initialization in 5 ms
2022-09-12 14:27:07,892 INFO com.ciandt.token.provider.controllers.TokenController [http-nio-8080-exec-1] Recebido requisição para criação de token para chave: Gustavo
2022-09-12 14:27:07,946 INFO com.ciandt.token.provider.controllers.TokenController [http-nio-8080-exec-1] Token gerado com sucesso
2022-09-12 14:27:08,323 INFO com.ciandt.token.provider.controllers.TokenAuthorizerController [http-nio-8080-exec-3] Recebido requisição para geração de token: Gustavo
2022-09-12 14:27:08,334 INFO com.ciandt.token.provider.controllers.TokenAuthorizerController [http-nio-8080-exec-3] Token validado com sucesso
2022-09-12 14:27:12,809 INFO com.ciandt.token.provider.controllers.TokenController [http-nio-8080-exec-4] Recebido requisição para criação de token para chave: Gustavo
2022-09-12 14:27:12,811 INFO com.ciandt.token.provider.controllers.TokenController [http-nio-8080-exec-4] Token gerado com sucesso
2022-09-12 14:27:12,835 INFO com.ciandt.token.provider.controllers.TokenAuthorizerController [http-nio-8080-exec-5] Recebido requisição para geração de token: Gustavo
2022-09-12 14:27:12,837 INFO com.ciandt.token.provider.controllers.TokenAuthorizerController [http-nio-8080-exec-5] Token validado com sucesso
2022-09-12 14:27:46,291 INFO com.ciandt.token.provider.controllers.TokenAuthorizerController [http-nio-8080-exec-6] Recebido requisição para geração de token: Gustavo
2022-09-12 14:27:46,293 INFO com.ciandt.token.provider.controllers.TokenAuthorizerController [http-nio-8080-exec-6] Token validado com sucesso
2022-09-12 14:27:55,681 INFO com.ciandt.token.provider.controllers.TokenController [http-nio-8080-exec-10] Recebido requisição para criação de token para chave: Gustavo
2022-09-12 14:27:55,683 INFO com.ciandt.token.provider.controllers.TokenController [http-nio-8080-exec-10] Token gerado com sucesso
2022-09-12 14:27:56,008 INFO com.ciandt.token.provider.controllers.TokenAuthorizerController [http-nio-8080-exec-2] Recebido requisição para geração de token: Gustavo
2022-09-12 14:27:56,011 INFO com.ciandt.token.provider.controllers.TokenAuthorizerController [http-nio-8080-exec-2] Token validado com sucesso
2022-09-12 14:27:59,212 INFO com.ciandt.token.provider.controllers.TokenController [http-nio-8080-exec-1] Recebido requisição para criação de token para chave: Gustavo
2022-09-12 14:27:59,214 INFO com.ciandt.token.provider.controllers.TokenController [http-nio-8080-exec-1] Token gerado com sucesso
2022-09-12 14:27:59,237 INFO com.ciandt.token.provider.controllers.TokenAuthorizerController [http-nio-8080-exec-3] Recebido requisição para geração de token: Gustavo
2022-09-12 14:27:59,239 INFO com.ciandt.token.provider.controllers.TokenAuthorizerController [http-nio-8080-exec-3] Token validado com sucesso
2022-09-12 14:28:28,896 INFO com.ciandt.token.provider.controllers.TokenAuthorizerController [http-nio-8080-exec-4] Recebido requisição para geração de token: Gustavo
2022-09-12 14:28:28,899 INFO com.ciandt.token.provider.controllers.TokenAuthorizerController [http-nio-8080-exec-4] Token validado com sucesso
2022-09-12 14:29:12,249 INFO org.springframework.boot.StartupInfoLogger [main] Starting TokenProviderApplication using Java 11.0.16 on lnb028549spo with PID 36220 (/home/gabrielliv/Documents/techchamps/superDevs-myMusic/TokenProvider/target/classes started by CIANDT\gabrielliv in /home/gabrielliv/Documents/techchamps/superDevs-myMusic/TokenProvider)
2022-09-12 14:29:12,252 INFO org.springframework.boot.SpringApplication [main] No active profile set, falling back to default profiles: default
2022-09-12 14:29:13,321 INFO org.springframework.boot.web.embedded.tomcat.TomcatWebServer [main] Tomcat initialized with port(s): 8080 (http)
2022-09-12 14:29:13,332 INFO org.apache.juli.logging.DirectJDKLog [main] Initializing ProtocolHandler ["http-nio-8080"]
2022-09-12 14:29:13,333 INFO org.apache.juli.logging.DirectJDKLog [main] Starting service [Tomcat]
2022-09-12 14:29:13,333 INFO org.apache.juli.logging.DirectJDKLog [main] Starting Servlet engine: [Apache Tomcat/9.0.56]
2022-09-12 14:29:13,391 INFO org.apache.juli.logging.DirectJDKLog [main] Initializing Spring embedded WebApplicationContext
2022-09-12 14:29:13,391 INFO org.springframework.boot.web.servlet.context.ServletWebServerApplicationContext [main] Root WebApplicationContext: initialization completed in 1083 ms
2022-09-12 14:29:13,966 INFO org.springframework.boot.actuate.endpoint.web.EndpointLinksResolver [main] Exposing 1 endpoint(s) beneath base path '/actuator'
2022-09-12 14:29:13,985 INFO org.apache.juli.logging.DirectJDKLog [main] Starting ProtocolHandler ["http-nio-8080"]
2022-09-12 14:29:13,996 INFO org.springframework.boot.web.embedded.tomcat.TomcatWebServer [main] Tomcat started on port(s): 8080 (http) with context path ''
2022-09-12 14:29:14,010 INFO org.springframework.boot.StartupInfoLogger [main] Started TokenProviderApplication in 2.249 seconds (JVM running for 2.798)
2022-09-12 14:29:52,101 INFO org.apache.juli.logging.DirectJDKLog [http-nio-8080-exec-1] Initializing Spring DispatcherServlet 'dispatcherServlet'
2022-09-12 14:29:52,102 INFO org.springframework.web.servlet.FrameworkServlet [http-nio-8080-exec-1] Initializing Servlet 'dispatcherServlet'
2022-09-12 14:29:52,107 INFO org.springframework.web.servlet.FrameworkServlet [http-nio-8080-exec-1] Completed initialization in 5 ms
2022-09-12 14:29:52,201 INFO com.ciandt.token.provider.controllers.TokenController [http-nio-8080-exec-1] Recebido requisição para criação de token para chave: Gustavo
2022-09-12 14:29:52,278 INFO com.ciandt.token.provider.controllers.TokenController [http-nio-8080-exec-1] Token gerado com sucesso
2022-09-12 14:29:52,681 INFO com.ciandt.token.provider.controllers.TokenAuthorizerController [http-nio-8080-exec-3] Recebido requisição para geração de token: Gustavo
2022-09-12 14:29:52,686 INFO com.ciandt.token.provider.controllers.TokenAuthorizerController [http-nio-8080-exec-3] Token validado com sucesso
2022-09-12 14:29:58,312 INFO com.ciandt.token.provider.controllers.TokenController [http-nio-8080-exec-4] Recebido requisição para criação de token para chave: Gustavo
2022-09-12 14:29:58,314 INFO com.ciandt.token.provider.controllers.TokenController [http-nio-8080-exec-4] Token gerado com sucesso
2022-09-12 14:29:58,341 INFO com.ciandt.token.provider.controllers.TokenAuthorizerController [http-nio-8080-exec-5] Recebido requisição para geração de token: Gustavo
2022-09-12 14:29:58,343 INFO com.ciandt.token.provider.controllers.TokenAuthorizerController [http-nio-8080-exec-5] Token validado com sucesso
2022-09-12 14:31:17,099 INFO com.ciandt.token.provider.controllers.TokenAuthorizerController [http-nio-8080-exec-9] Recebido requisição para geração de token: Gustavo
2022-09-12 14:31:17,103 ERROR com.ciandt.token.provider.controllers.TokenAuthorizerController [http-nio-8080-exec-9] Requisição inválida: Token expirado
2022-09-12 14:31:24,472 INFO com.ciandt.token.provider.controllers.TokenController [http-nio-8080-exec-2] Recebido requisição para criação de token para chave: Gustavo
2022-09-12 14:31:24,474 INFO com.ciandt.token.provider.controllers.TokenController [http-nio-8080-exec-2] Token gerado com sucesso
2022-09-12 14:31:28,175 INFO com.ciandt.token.provider.controllers.TokenController [http-nio-8080-exec-1] Recebido requisição para criação de token para chave: Gustavo
2022-09-12 14:31:28,177 INFO com.ciandt.token.provider.controllers.TokenController [http-nio-8080-exec-1] Token gerado com sucesso
2022-09-12 14:31:28,455 INFO com.ciandt.token.provider.controllers.TokenAuthorizerController [http-nio-8080-exec-3] Recebido requisição para geração de token: Gustavo
2022-09-12 14:31:28,457 INFO com.ciandt.token.provider.controllers.TokenAuthorizerController [http-nio-8080-exec-3] Token validado com sucesso
2022-09-12 14:31:33,444 INFO com.ciandt.token.provider.controllers.TokenController [http-nio-8080-exec-4] Recebido requisição para criação de token para chave: Gustavo
2022-09-12 14:31:33,446 INFO com.ciandt.token.provider.controllers.TokenController [http-nio-8080-exec-4] Token gerado com sucesso
2022-09-12 14:31:33,476 INFO com.ciandt.token.provider.controllers.TokenAuthorizerController [http-nio-8080-exec-5] Recebido requisição para geração de token: Gustavo
2022-09-12 14:31:33,477 INFO com.ciandt.token.provider.controllers.TokenAuthorizerController [http-nio-8080-exec-5] Token validado com sucesso
2022-09-12 14:35:52,348 INFO com.ciandt.token.provider.controllers.TokenController [http-nio-8080-exec-10] Recebido requisição para criação de token para chave: Gustavo
2022-09-12 14:35:52,349 INFO com.ciandt.token.provider.controllers.TokenController [http-nio-8080-exec-10] Token gerado com sucesso
2022-09-12 14:35:52,645 INFO com.ciandt.token.provider.controllers.TokenAuthorizerController [http-nio-8080-exec-2] Recebido requisição para geração de token: Gustavo
2022-09-12 14:35:52,647 INFO com.ciandt.token.provider.controllers.TokenAuthorizerController [http-nio-8080-exec-2] Token validado com sucesso
2022-09-12 14:35:56,238 INFO com.ciandt.token.provider.controllers.TokenController [http-nio-8080-exec-1] Recebido requisição para criação de token para chave: Gustavo
2022-09-12 14:35:56,239 INFO com.ciandt.token.provider.controllers.TokenController [http-nio-8080-exec-1] Token gerado com sucesso
2022-09-12 14:35:56,256 INFO com.ciandt.token.provider.controllers.TokenAuthorizerController [http-nio-8080-exec-3] Recebido requisição para geração de token: Gustavo
2022-09-12 14:35:56,257 INFO com.ciandt.token.provider.controllers.TokenAuthorizerController [http-nio-8080-exec-3] Token validado com sucesso
2022-09-12 15:10:53,660 INFO com.ciandt.token.provider.controllers.TokenController [http-nio-8080-exec-8] Recebido requisição para criação de token para chave: Gustavo
2022-09-12 15:10:53,662 INFO com.ciandt.token.provider.controllers.TokenController [http-nio-8080-exec-8] Token gerado com sucesso
2022-09-12 15:10:54,072 INFO com.ciandt.token.provider.controllers.TokenAuthorizerController [http-nio-8080-exec-9] Recebido requisição para geração de token: Gustavo
2022-09-12 15:10:54,076 INFO com.ciandt.token.provider.controllers.TokenAuthorizerController [http-nio-8080-exec-9] Token validado com sucesso
2022-09-12 15:10:54,256 INFO com.ciandt.token.provider.controllers.TokenAuthorizerController [http-nio-8080-exec-10] Recebido requisição para geração de token: Gustavo
2022-09-12 15:10:54,257 INFO com.ciandt.token.provider.controllers.TokenAuthorizerController [http-nio-8080-exec-10] Token validado com sucesso
2022-09-12 15:11:00,659 INFO com.ciandt.token.provider.controllers.TokenController [http-nio-8080-exec-2] Recebido requisição para criação de token para chave: Gustavo
2022-09-12 15:11:00,660 INFO com.ciandt.token.provider.controllers.TokenController [http-nio-8080-exec-2] Token gerado com sucesso
2022-09-12 15:11:00,681 INFO com.ciandt.token.provider.controllers.TokenAuthorizerController [http-nio-8080-exec-1] Recebido requisição para geração de token: Gustavo
2022-09-12 15:11:00,683 INFO com.ciandt.token.provider.controllers.TokenAuthorizerController [http-nio-8080-exec-1] Token validado com sucesso
2022-09-12 15:11:04,141 INFO com.ciandt.token.provider.controllers.TokenController [http-nio-8080-exec-3] Recebido requisição para criação de token para chave: Gustavo
2022-09-12 15:11:04,142 INFO com.ciandt.token.provider.controllers.TokenController [http-nio-8080-exec-3] Token gerado com sucesso
2022-09-12 15:11:04,168 INFO com.ciandt.token.provider.controllers.TokenAuthorizerController [http-nio-8080-exec-5] Recebido requisição para geração de token: Gustavo
2022-09-12 15:11:04,170 INFO com.ciandt.token.provider.controllers.TokenAuthorizerController [http-nio-8080-exec-5] Token validado com sucesso
2022-09-12 15:11:04,185 INFO com.ciandt.token.provider.controllers.TokenAuthorizerController [http-nio-8080-exec-4] Recebido requisição para geração de token: Gustavo
2022-09-12 15:11:04,186 INFO com.ciandt.token.provider.controllers.TokenAuthorizerController [http-nio-8080-exec-4] Token validado com sucesso
2022-09-12 15:24:18,602 INFO com.ciandt.token.provider.controllers.TokenController [http-nio-8080-exec-3] Recebido requisição para criação de token para chave: Gustavo
2022-09-12 15:24:18,603 INFO com.ciandt.token.provider.controllers.TokenController [http-nio-8080-exec-3] Token gerado com sucesso
2022-09-12 15:24:18,903 INFO com.ciandt.token.provider.controllers.TokenAuthorizerController [http-nio-8080-exec-5] Recebido requisição para geração de token: Gustavo
2022-09-12 15:24:18,904 INFO com.ciandt.token.provider.controllers.TokenAuthorizerController [http-nio-8080-exec-5] Token validado com sucesso
2022-09-12 15:24:22,137 INFO com.ciandt.token.provider.controllers.TokenController [http-nio-8080-exec-4] Recebido requisição para criação de token para chave: Gustavo
2022-09-12 15:24:22,138 INFO com.ciandt.token.provider.controllers.TokenController [http-nio-8080-exec-4] Token gerado com sucesso
2022-09-12 15:24:22,157 INFO com.ciandt.token.provider.controllers.TokenAuthorizerController [http-nio-8080-exec-6] Recebido requisição para geração de token: Gustavo
2022-09-12 15:24:22,159 INFO com.ciandt.token.provider.controllers.TokenAuthorizerController [http-nio-8080-exec-6] Token validado com sucesso
2022-09-12 15:24:45,783 INFO com.ciandt.token.provider.controllers.TokenController [http-nio-8080-exec-9] Recebido requisição para criação de token para chave: Gustavo
2022-09-12 15:24:45,785 INFO com.ciandt.token.provider.controllers.TokenController [http-nio-8080-exec-9] Token gerado com sucesso
2022-09-12 15:24:46,090 INFO com.ciandt.token.provider.controllers.TokenAuthorizerController [http-nio-8080-exec-2] Recebido requisição para geração de token: Gustavo
2022-09-12 15:24:46,092 INFO com.ciandt.token.provider.controllers.TokenAuthorizerController [http-nio-8080-exec-2] Token validado com sucesso
2022-09-12 15:24:49,943 INFO com.ciandt.token.provider.controllers.TokenController [http-nio-8080-exec-10] Recebido requisição para criação de token para chave: Gustavo
2022-09-12 15:24:49,944 INFO com.ciandt.token.provider.controllers.TokenController [http-nio-8080-exec-10] Token gerado com sucesso
2022-09-12 15:24:49,972 INFO com.ciandt.token.provider.controllers.TokenAuthorizerController [http-nio-8080-exec-1] Recebido requisição para geração de token: Gustavo
2022-09-12 15:24:49,973 INFO com.ciandt.token.provider.controllers.TokenAuthorizerController [http-nio-8080-exec-1] Token validado com sucesso
2022-09-12 15:36:36,646 INFO com.ciandt.token.provider.controllers.TokenController [http-nio-8080-exec-7] Recebido requisição para criação de token para chave: Gustavo
2022-09-12 15:36:36,647 INFO com.ciandt.token.provider.controllers.TokenController [http-nio-8080-exec-7] Token gerado com sucesso
2022-09-12 15:36:36,960 INFO com.ciandt.token.provider.controllers.TokenAuthorizerController [http-nio-8080-exec-8] Recebido requisição para geração de token: Gustavo
2022-09-12 15:36:36,961 INFO com.ciandt.token.provider.controllers.TokenAuthorizerController [http-nio-8080-exec-8] Token validado com sucesso
2022-09-12 15:36:40,220 INFO com.ciandt.token.provider.controllers.TokenController [http-nio-8080-exec-9] Recebido requisição para criação de token para chave: Gustavo
2022-09-12 15:36:40,221 INFO com.ciandt.token.provider.controllers.TokenController [http-nio-8080-exec-9] Token gerado com sucesso
2022-09-12 15:36:40,240 INFO com.ciandt.token.provider.controllers.TokenAuthorizerController [http-nio-8080-exec-2] Recebido requisição para geração de token: Gustavo
2022-09-12 15:36:40,241 INFO com.ciandt.token.provider.controllers.TokenAuthorizerController [http-nio-8080-exec-2] Token validado com sucesso
2022-09-12 15:37:54,057 INFO com.ciandt.token.provider.controllers.TokenController [http-nio-8080-exec-4] Recebido requisição para criação de token para chave: Gustavo
2022-09-12 15:37:54,058 INFO com.ciandt.token.provider.controllers.TokenController [http-nio-8080-exec-4] Token gerado com sucesso
2022-09-12 15:37:54,419 INFO com.ciandt.token.provider.controllers.TokenAuthorizerController [http-nio-8080-exec-6] Recebido requisição para geração de token: Gustavo
2022-09-12 15:37:54,421 INFO com.ciandt.token.provider.controllers.TokenAuthorizerController [http-nio-8080-exec-6] Token validado com sucesso
2022-09-12 15:37:57,525 INFO com.ciandt.token.provider.controllers.TokenController [http-nio-8080-exec-7] Recebido requisição para criação de token para chave: Gustavo
2022-09-12 15:37:57,526 INFO com.ciandt.token.provider.controllers.TokenController [http-nio-8080-exec-7] Token gerado com sucesso
2022-09-12 15:37:57,546 INFO com.ciandt.token.provider.controllers.TokenAuthorizerController [http-nio-8080-exec-8] Recebido requisição para geração de token: Gustavo
2022-09-12 15:37:57,547 INFO com.ciandt.token.provider.controllers.TokenAuthorizerController [http-nio-8080-exec-8] Token validado com sucesso
